[2023-04-17T12:42:33] Add unit tests for optimizer loop
[2023-04-17T17:01:41] Fix VGG encoder memory leak
[2023-04-21T16:16:19] Remove deprecated checkpoint saver method
[2023-04-24T18:56:58] Refactor content loss for clarity
[2023-04-24T09:56:23] Fix edge case in image normalizer
[2023-04-26T13:32:55] Introduce output renderer component
[2023-04-26T19:08:34] Fix failing test in VGG encoder
[2023-05-08T09:36:04] Add VGG encoder module
[2023-05-10T17:00:50] Introduce total variation loss component
[2023-05-10T17:39:14] Enhance optimizer loop accuracy
[2023-05-19T14:27:50] Update README with VGG encoder docs
[2023-05-19T14:12:16] Reorganize checkpoint saver structure
[2023-05-22T17:53:34] Add docstrings to total variation loss
[2023-05-23T08:41:27] Implement VGG encoder functionality
[2023-05-29T18:57:33] Add config loader module
[2023-05-30T18:42:06] Increase test coverage for total variation loss
[2023-05-31T15:04:12] Update README with config loader docs
[2023-06-14T13:04:41] Add support for config loader
[2023-06-16T13:53:52] Fix edge case in content loss
[2023-06-28T10:28:42] Introduce gram matrix component
[2023-07-05T12:34:42] Add output renderer module
[2023-07-18T10:19:07] Update README with checkpoint saver docs
[2023-07-27T18:40:04] Add inline comments to content loss
[2023-07-27T15:48:49] Update README with checkpoint saver docs
[2023-07-28T19:24:59] Add inline comments to output renderer
[2023-08-02T12:04:47] Improve style loss performance
[2023-08-02T16:45:29] Reorganize style loss structure
[2023-08-03T17:37:06] Introduce output renderer component
[2023-08-03T11:16:11] Increase test coverage for total variation loss
[2023-08-03T19:41:04] Introduce total variation loss component
[2023-08-04T14:38:04] Optimize gram matrix pipeline
[2023-08-04T13:37:38] Update README with checkpoint saver docs
[2023-08-04T11:31:52] Increase test coverage for image normalizer
[2023-08-08T15:08:19] Add support for image normalizer
